# Logfile created on Sun Dec 27 20:17:30 +0100 2009  [4;36;1mSQL (0.2ms)[0m   [0;1m SELECT name
 FROM sqlite_master
 WHERE type = 'table' AND NOT name = 'sqlite_sequence'
[0m
  [4;35;1mSQL (0.1ms)[0m   [0mselect sqlite_version(*)[0m
  [4;36;1mSQL (3.2ms)[0m   [0;1mCREATE TABLE "schema_migrations" ("version" varchar(255) NOT NULL) [0m
  [4;35;1mSQL (1.9ms)[0m   [0mCREATE UNIQUE INDEX "unique_schema_migrations" ON "schema_migrations" ("version")[0m
  [4;36;1mSQL (0.2ms)[0m   [0;1m SELECT name
 FROM sqlite_master
 WHERE type = 'table' AND NOT name = 'sqlite_sequence'
[0m
  [4;35;1mSQL (0.1ms)[0m   [0mSELECT version FROM schema_migrations[0m
Migrating to CreateUsers (20090216144927)
  [4;36;1mSQL (0.7ms)[0m   [0;1mCREATE TABLE "users" ("id" INTEGER PRIMARY KEY AUTOINCREMENT NOT NULL, "name" varchar(255), "email" varchar(255) NOT NULL, "login" varchar(255), "crypted_password" varchar(255), "password_salt" varchar(255), "persistence_token" varchar(255) NOT NULL, "perishable_token" varchar(255) NOT NULL, "single_access_token" varchar(255) NOT NULL, "login_count" integer DEFAULT 0 NOT NULL, "failed_login_count" integer DEFAULT 0 NOT NULL, "last_request_at" datetime, "last_login_at" datetime, "current_login_at" datetime, "last_login_ip" varchar(255), "current_login_ip" varchar(255), "openid_identifier" varchar(255), "invitation_id" integer, "invitation_limit" integer DEFAULT 0 NOT NULL, "admin" boolean, "created_at" datetime, "updated_at" datetime) [0m
  [4;35;1mSQL (0.1ms)[0m   [0mCREATE INDEX "index_users_on_login" ON "users" ("login")[0m
  [4;36;1mSQL (0.2ms)[0m   [0;1mCREATE INDEX "index_users_on_persistence_token" ON "users" ("persistence_token")[0m
  [4;35;1mSQL (0.1ms)[0m   [0mCREATE INDEX "index_users_on_last_request_at" ON "users" ("last_request_at")[0m
  [4;36;1mSQL (0.1ms)[0m   [0;1mCREATE INDEX "index_users_on_openid_identifier" ON "users" ("openid_identifier")[0m
  [4;35;1mSQL (0.1ms)[0m   [0mINSERT INTO schema_migrations (version) VALUES ('20090216144927')[0m
Migrating to CreateOpenIdTables (20090216172211)
  [4;36;1mSQL (0.3ms)[0m   [0;1m SELECT name
 FROM sqlite_master
 WHERE type = 'table' AND NOT name = 'sqlite_sequence'
[0m
  [4;35;1mSQL (0.3ms)[0m   [0mCREATE TABLE "open_id_authentication_associations" ("id" INTEGER PRIMARY KEY AUTOINCREMENT NOT NULL, "issued" integer, "lifetime" integer, "handle" varchar(255), "assoc_type" varchar(255), "server_url" blob, "secret" blob) [0m
  [4;36;1mSQL (0.1ms)[0m   [0;1m SELECT name
 FROM sqlite_master
 WHERE type = 'table' AND NOT name = 'sqlite_sequence'
[0m
  [4;35;1mSQL (0.7ms)[0m   [0mCREATE TABLE "open_id_authentication_nonces" ("id" INTEGER PRIMARY KEY AUTOINCREMENT NOT NULL, "timestamp" integer NOT NULL, "server_url" varchar(255), "salt" varchar(255) NOT NULL) [0m
  [4;36;1mSQL (0.2ms)[0m   [0;1mINSERT INTO schema_migrations (version) VALUES ('20090216172211')[0m
Migrating to CreateInvitations (20090216175329)
  [4;35;1mSQL (0.4ms)[0m   [0mCREATE TABLE "invitations" ("id" INTEGER PRIMARY KEY AUTOINCREMENT NOT NULL, "sender_id" integer, "recipient_name" varchar(255), "recipient_email" varchar(255) NOT NULL, "token" varchar(255) NOT NULL, "sent_at" datetime, "created_at" datetime, "updated_at" datetime) [0m
  [4;36;1mSQL (0.1ms)[0m   [0;1mINSERT INTO schema_migrations (version) VALUES ('20090216175329')[0m
Migrating to AddStateToUser (20090714114804)
  [4;35;1mSQL (1.0ms)[0m   [0mALTER TABLE "users" ADD "state" varchar(255)[0m
  [4;36;1mSQL (0.1ms)[0m   [0;1mINSERT INTO schema_migrations (version) VALUES ('20090714114804')[0m
Migrating to CreateRoles (20090806032027)
  [4;35;1mSQL (0.4ms)[0m   [0mCREATE TABLE "roles" ("id" INTEGER PRIMARY KEY AUTOINCREMENT NOT NULL, "name" varchar(255) NOT NULL, "title" varchar(255), "description" varchar(255), "created_at" datetime, "updated_at" datetime) [0m
  [4;36;1mSQL (0.2ms)[0m   [0;1mCREATE TABLE "roles_users" ("user_id" integer NOT NULL, "role_id" integer NOT NULL) [0m
  [4;35;1mRole Load (0.1ms)[0m   [0mSELECT * FROM "roles" WHERE ("roles"."name" = 'member') LIMIT 1[0m
  [4;36;1mRole Load (0.1ms)[0m   [0;1mSELECT "roles".id FROM "roles" WHERE ("roles"."name" = 'member') LIMIT 1[0m
  [4;35;1mRole Create (0.1ms)[0m   [0mINSERT INTO "roles" ("name", "updated_at", "title", "description", "created_at") VALUES('member', '2009-12-27 19:17:31', 'Member', NULL, '2009-12-27 19:17:31')[0m
  [4;36;1mRole Load (0.1ms)[0m   [0;1mSELECT * FROM "roles" WHERE ("roles"."name" = 'author') LIMIT 1[0m
  [4;35;1mRole Load (0.1ms)[0m   [0mSELECT "roles".id FROM "roles" WHERE ("roles"."name" = 'author') LIMIT 1[0m
  [4;36;1mRole Create (0.2ms)[0m   [0;1mINSERT INTO "roles" ("name", "updated_at", "title", "description", "created_at") VALUES('author', '2009-12-27 19:17:31', 'Author', NULL, '2009-12-27 19:17:31')[0m
  [4;35;1mRole Load (0.1ms)[0m   [0mSELECT * FROM "roles" WHERE ("roles"."name" = 'manager') LIMIT 1[0m
  [4;36;1mRole Load (0.1ms)[0m   [0;1mSELECT "roles".id FROM "roles" WHERE ("roles"."name" = 'manager') LIMIT 1[0m
  [4;35;1mRole Create (0.1ms)[0m   [0mINSERT INTO "roles" ("name", "updated_at", "title", "description", "created_at") VALUES('manager', '2009-12-27 19:17:31', 'Manager', NULL, '2009-12-27 19:17:31')[0m
  [4;36;1mRole Load (0.1ms)[0m   [0;1mSELECT * FROM "roles" WHERE ("roles"."name" = 'admin') LIMIT 1[0m
  [4;35;1mRole Load (0.1ms)[0m   [0mSELECT "roles".id FROM "roles" WHERE ("roles"."name" = 'admin') LIMIT 1[0m
  [4;36;1mRole Create (0.1ms)[0m   [0;1mINSERT INTO "roles" ("name", "updated_at", "title", "description", "created_at") VALUES('admin', '2009-12-27 19:17:31', 'Administrator', NULL, '2009-12-27 19:17:31')[0m
  [4;35;1mSQL (0.5ms)[0m   [0mINSERT INTO schema_migrations (version) VALUES ('20090806032027')[0m
Migrating to CreateRootUser (20090819101822)
  [4;36;1mUser Load (0.3ms)[0m   [0;1mSELECT * FROM "users" WHERE ("users"."login" = 'root') LIMIT 1[0m
  [4;35;1mSQL (0.2ms)[0m   [0mSELECT count(*) AS count_all FROM "users" [0m
  [4;36;1mUser Load (0.1ms)[0m   [0;1mSELECT "users".id FROM "users" WHERE (LOWER("users"."email") = 'root@example.com') LIMIT 1[0m
  [4;35;1mUser Load (0.1ms)[0m   [0mSELECT "users".id FROM "users" WHERE ("users"."persistence_token" = '08f05656bf73ceeb7981740993736473ef64dc2c7d5258214963e5c5208a18782e1dc05016cd510054c072e98f9b9752283d2bd05c60a51b620112de5873843b') LIMIT 1[0m
  [4;36;1mUser Load (0.1ms)[0m   [0;1mSELECT "users".id FROM "users" WHERE ("users"."single_access_token" = '9JrCV-FznuP5MApU-tDc') LIMIT 1[0m
  [4;35;1mUser Create (0.4ms)[0m   [0mINSERT INTO "users" ("name", "last_login_at", "last_request_at", "updated_at", "crypted_password", "perishable_token", "single_access_token", "current_login_ip", "password_salt", "current_login_at", "admin", "failed_login_count", "invitation_id", "persistence_token", "login_count", "openid_identifier", "login", "email", "last_login_ip", "invitation_limit", "created_at", "state") VALUES('root', NULL, NULL, '2009-12-27 19:17:31', NULL, 'rwTCPqMLHvTWmKHfoIi6', '9JrCV-FznuP5MApU-tDc', NULL, NULL, NULL, 't', 0, NULL, '08f05656bf73ceeb7981740993736473ef64dc2c7d5258214963e5c5208a18782e1dc05016cd510054c072e98f9b9752283d2bd05c60a51b620112de5873843b', 0, NULL, NULL, 'root@example.com', NULL, 5, '2009-12-27 19:17:31', 'created')[0m
  [4;36;1mSQL (0.3ms)[0m   [0;1m SELECT name
 FROM sqlite_master
 WHERE type = 'table' AND NOT name = 'sqlite_sequence'
[0m
  [4;35;1mRole Load (0.1ms)[0m   [0mSELECT * FROM "roles" LIMIT 1[0m
  [4;36;1mRole Load (0.1ms)[0m   [0;1mSELECT * FROM "roles" LIMIT 1[0m
  [4;35;1mRole Load (0.1ms)[0m   [0mSELECT * FROM "roles" LIMIT 1[0m
  [4;36;1mSQL (0.1ms)[0m   [0;1mINSERT INTO "roles_users" ("role_id", "user_id") VALUES (1, 1)[0m
  [4;35;1mUser Update (0.4ms)[0m   [0mUPDATE "users" SET "state" = 'registered', "updated_at" = '2009-12-27 19:17:31' WHERE "id" = 1[0m
  [4;36;1mUser Load (0.1ms)[0m   [0;1mSELECT "users".id FROM "users" WHERE ("users"."persistence_token" = '9223b90d11a678dbe0e64d9a151117575451616d26e7bf7c93296b745c39e2cfa28fee7f860d8144aa3526c113a32c226ed4b9b1e24dc53b953ceed18f2d491e' AND "users".id <> 1) LIMIT 1[0m
  [4;35;1mUser Load (0.1ms)[0m   [0mSELECT "users".id FROM "users" WHERE (LOWER("users"."login") = 'root' AND "users".id <> 1) LIMIT 1[0m
  [4;36;1mUser Update (0.1ms)[0m   [0;1mUPDATE "users" SET "persistence_token" = '9223b90d11a678dbe0e64d9a151117575451616d26e7bf7c93296b745c39e2cfa28fee7f860d8144aa3526c113a32c226ed4b9b1e24dc53b953ceed18f2d491e', "perishable_token" = 'XRpB6dZ5_AVX48_ZOxMl', "login" = 'root', "crypted_password" = '379e7ae5aafb7494cc2d30fa9c74d9b609d50d8fc969925481663dd95a9cc3713d8d44add3e2b3f641ac619b296dcdabab0b66239d37a3baf792e41f2784b719', "updated_at" = '2009-12-27 19:17:31', "password_salt" = 'sKcu_gGT8MgN4UQ18jdZ' WHERE "id" = 1[0m
  [4;35;1mUser Update (0.1ms)[0m   [0mUPDATE "users" SET "perishable_token" = 'tyGo470ePjVkpnj7kJyx', "state" = 'active', "updated_at" = '2009-12-27 19:17:31' WHERE "id" = 1[0m
  [4;36;1mRole Load (0.2ms)[0m   [0;1mSELECT * FROM "roles" WHERE ("roles"."name" = 'admin') LIMIT 1[0m
  [4;35;1mSQL (0.1ms)[0m   [0mINSERT INTO "roles_users" ("role_id", "user_id") VALUES (4, 1)[0m
  [4;36;1mSQL (0.1ms)[0m   [0;1mINSERT INTO schema_migrations (version) VALUES ('20090819101822')[0m
Migrating to CreatePreferences (20090828070047)
  [4;35;1mSQL (0.4ms)[0m   [0mCREATE TABLE "preferences" ("id" INTEGER PRIMARY KEY AUTOINCREMENT NOT NULL, "user_id" integer, "language" varchar(255), "time_zone" varchar(255), "created_at" datetime, "updated_at" datetime) [0m
  [4;36;1mUser Load (0.4ms)[0m   [0;1mSELECT * FROM "users" [0m
  [4;35;1mPreference Load (0.1ms)[0m   [0mSELECT * FROM "preferences" WHERE ("preferences".user_id = 1) LIMIT 1[0m
  [4;36;1mPreference Create (0.1ms)[0m   [0;1mINSERT INTO "preferences" ("updated_at", "language", "user_id", "time_zone", "created_at") VALUES('2009-12-27 19:17:31', NULL, 1, NULL, '2009-12-27 19:17:31')[0m
  [4;35;1mSQL (0.1ms)[0m   [0mINSERT INTO schema_migrations (version) VALUES ('20090828070047')[0m
Migrating to CreateOrchards (20091226122214)
  [4;36;1mSQL (1.0ms)[0m   [0;1mCREATE TABLE "orchards" ("id" INTEGER PRIMARY KEY AUTOINCREMENT NOT NULL, "name" varchar(255), "area" integer, "longitude" varchar(255), "latitude" varchar(255), "used" boolean, "created_at" datetime, "updated_at" datetime) [0m
  [4;35;1mSQL (0.1ms)[0m   [0mINSERT INTO schema_migrations (version) VALUES ('20091226122214')[0m
Migrating to CreateRegions (20091227171540)
  [4;36;1mSQL (1.9ms)[0m   [0;1mCREATE TABLE "regions" ("id" INTEGER PRIMARY KEY AUTOINCREMENT NOT NULL, "name" varchar(255), "created_at" datetime, "updated_at" datetime) [0m
  [4;35;1mSQL (0.1ms)[0m   [0mINSERT INTO schema_migrations (version) VALUES ('20091227171540')[0m
Migrating to BootstrapRegions (20091227171645)
  [4;36;1mRegion Create (0.4ms)[0m   [0;1mINSERT INTO "regions" ("name", "updated_at", "created_at") VALUES('Valencia', '2009-12-27 19:17:31', '2009-12-27 19:17:31')[0m
  [4;35;1mRegion Create (0.2ms)[0m   [0mINSERT INTO "regions" ("name", "updated_at", "created_at") VALUES('Toledo', '2009-12-27 19:17:31', '2009-12-27 19:17:31')[0m
  [4;36;1mRegion Create (0.1ms)[0m   [0;1mINSERT INTO "regions" ("name", "updated_at", "created_at") VALUES('Sevilla', '2009-12-27 19:17:31', '2009-12-27 19:17:31')[0m
  [4;35;1mRegion Create (0.1ms)[0m   [0mINSERT INTO "regions" ("name", "updated_at", "created_at") VALUES('Santa Cruz de Tenerife', '2009-12-27 19:17:31', '2009-12-27 19:17:31')[0m
  [4;36;1mRegion Create (0.1ms)[0m   [0;1mINSERT INTO "regions" ("name", "updated_at", "created_at") VALUES('Málaga', '2009-12-27 19:17:31', '2009-12-27 19:17:31')[0m
  [4;35;1mRegion Create (0.1ms)[0m   [0mINSERT INTO "regions" ("name", "updated_at", "created_at") VALUES('Las Palmas', '2009-12-27 19:17:31', '2009-12-27 19:17:31')[0m
  [4;36;1mRegion Create (0.4ms)[0m   [0;1mINSERT INTO "regions" ("name", "updated_at", "created_at") VALUES('Jaén', '2009-12-27 19:17:31', '2009-12-27 19:17:31')[0m
  [4;35;1mRegion Create (0.1ms)[0m   [0mINSERT INTO "regions" ("name", "updated_at", "created_at") VALUES('Huelva	', '2009-12-27 19:17:31', '2009-12-27 19:17:31')[0m
  [4;36;1mRegion Create (0.1ms)[0m   [0;1mINSERT INTO "regions" ("name", "updated_at", "created_at") VALUES('Granada', '2009-12-27 19:17:31', '2009-12-27 19:17:31')[0m
  [4;35;1mRegion Create (0.1ms)[0m   [0mINSERT INTO "regions" ("name", "updated_at", "created_at") VALUES('Cuenca', '2009-12-27 19:17:31', '2009-12-27 19:17:31')[0m
  [4;36;1mRegion Create (0.1ms)[0m   [0;1mINSERT INTO "regions" ("name", "updated_at", "created_at") VALUES('Córdoba', '2009-12-27 19:17:31', '2009-12-27 19:17:31')[0m
  [4;35;1mRegion Create (0.1ms)[0m   [0mINSERT INTO "regions" ("name", "updated_at", "created_at") VALUES('Ciudad Real', '2009-12-27 19:17:31', '2009-12-27 19:17:31')[0m
  [4;36;1mRegion Create (0.1ms)[0m   [0;1mINSERT INTO "regions" ("name", "updated_at", "created_at") VALUES('Cádiz	', '2009-12-27 19:17:31', '2009-12-27 19:17:31')[0m
  [4;35;1mRegion Create (0.1ms)[0m   [0mINSERT INTO "regions" ("name", "updated_at", "created_at") VALUES('Cáceres', '2009-12-27 19:17:31', '2009-12-27 19:17:31')[0m
  [4;36;1mRegion Create (0.1ms)[0m   [0;1mINSERT INTO "regions" ("name", "updated_at", "created_at") VALUES('Badajoz', '2009-12-27 19:17:31', '2009-12-27 19:17:31')[0m
  [4;35;1mRegion Create (0.1ms)[0m   [0mINSERT INTO "regions" ("name", "updated_at", "created_at") VALUES('Almería', '2009-12-27 19:17:31', '2009-12-27 19:17:31')[0m
  [4;36;1mRegion Create (0.1ms)[0m   [0;1mINSERT INTO "regions" ("name", "updated_at", "created_at") VALUES('Alicante', '2009-12-27 19:17:31', '2009-12-27 19:17:31')[0m
  [4;35;1mRegion Create (0.2ms)[0m   [0mINSERT INTO "regions" ("name", "updated_at", "created_at") VALUES('Albacete', '2009-12-27 19:17:31', '2009-12-27 19:17:31')[0m
  [4;36;1mRegion Create (0.2ms)[0m   [0;1mINSERT INTO "regions" ("name", "updated_at", "created_at") VALUES('Zaragoza', '2009-12-27 19:17:31', '2009-12-27 19:17:31')[0m
  [4;35;1mRegion Create (0.1ms)[0m   [0mINSERT INTO "regions" ("name", "updated_at", "created_at") VALUES('Zamora', '2009-12-27 19:17:31', '2009-12-27 19:17:31')[0m
  [4;36;1mRegion Create (0.1ms)[0m   [0;1mINSERT INTO "regions" ("name", "updated_at", "created_at") VALUES('Vizcaya', '2009-12-27 19:17:31', '2009-12-27 19:17:31')[0m
  [4;35;1mRegion Create (0.1ms)[0m   [0mINSERT INTO "regions" ("name", "updated_at", "created_at") VALUES('Valladolid', '2009-12-27 19:17:31', '2009-12-27 19:17:31')[0m
  [4;36;1mRegion Create (0.1ms)[0m   [0;1mINSERT INTO "regions" ("name", "updated_at", "created_at") VALUES('Teruel', '2009-12-27 19:17:31', '2009-12-27 19:17:31')[0m
  [4;35;1mRegion Create (0.1ms)[0m   [0mINSERT INTO "regions" ("name", "updated_at", "created_at") VALUES('Tarragona', '2009-12-27 19:17:31', '2009-12-27 19:17:31')[0m
  [4;36;1mRegion Create (0.1ms)[0m   [0;1mINSERT INTO "regions" ("name", "updated_at", "created_at") VALUES('Soria', '2009-12-27 19:17:31', '2009-12-27 19:17:31')[0m
  [4;35;1mRegion Create (0.1ms)[0m   [0mINSERT INTO "regions" ("name", "updated_at", "created_at") VALUES('Segovia', '2009-12-27 19:17:31', '2009-12-27 19:17:31')[0m
  [4;36;1mRegion Create (0.1ms)[0m   [0;1mINSERT INTO "regions" ("name", "updated_at", "created_at") VALUES('Cantabria', '2009-12-27 19:17:31', '2009-12-27 19:17:31')[0m
  [4;35;1mRegion Create (0.1ms)[0m   [0mINSERT INTO "regions" ("name", "updated_at", "created_at") VALUES('Salamanca', '2009-12-27 19:17:31', '2009-12-27 19:17:31')[0m
  [4;36;1mRegion Create (0.1ms)[0m   [0;1mINSERT INTO "regions" ("name", "updated_at", "created_at") VALUES('Pontevedra', '2009-12-27 19:17:31', '2009-12-27 19:17:31')[0m
  [4;35;1mRegion Create (0.1ms)[0m   [0mINSERT INTO "regions" ("name", "updated_at", "created_at") VALUES('Palencia', '2009-12-27 19:17:31', '2009-12-27 19:17:31')[0m
  [4;36;1mRegion Create (0.1ms)[0m   [0;1mINSERT INTO "regions" ("name", "updated_at", "created_at") VALUES('Ourense', '2009-12-27 19:17:31', '2009-12-27 19:17:31')[0m
  [4;35;1mRegion Create (0.1ms)[0m   [0mINSERT INTO "regions" ("name", "updated_at", "created_at") VALUES('Lugo', '2009-12-27 19:17:31', '2009-12-27 19:17:31')[0m
  [4;36;1mRegion Create (0.1ms)[0m   [0;1mINSERT INTO "regions" ("name", "updated_at", "created_at") VALUES('León', '2009-12-27 19:17:31', '2009-12-27 19:17:31')[0m
  [4;35;1mRegion Create (0.1ms)[0m   [0mINSERT INTO "regions" ("name", "updated_at", "created_at") VALUES('A Coruña', '2009-12-27 19:17:31', '2009-12-27 19:17:31')[0m
  [4;36;1mRegion Create (0.1ms)[0m   [0;1mINSERT INTO "regions" ("name", "updated_at", "created_at") VALUES('Huesca', '2009-12-27 19:17:31', '2009-12-27 19:17:31')[0m
  [4;35;1mRegion Create (0.1ms)[0m   [0mINSERT INTO "regions" ("name", "updated_at", "created_at") VALUES('Puzcoa	', '2009-12-27 19:17:31', '2009-12-27 19:17:31')[0m
  [4;36;1mRegion Create (0.1ms)[0m   [0;1mINSERT INTO "regions" ("name", "updated_at", "created_at") VALUES('Guadalajara', '2009-12-27 19:17:31', '2009-12-27 19:17:31')[0m
  [4;35;1mRegion Create (0.1ms)[0m   [0mINSERT INTO "regions" ("name", "updated_at", "created_at") VALUES('Castelló', '2009-12-27 19:17:31', '2009-12-27 19:17:31')[0m
  [4;36;1mRegion Create (0.1ms)[0m   [0;1mINSERT INTO "regions" ("name", "updated_at", "created_at") VALUES('Burgos', '2009-12-27 19:17:31', '2009-12-27 19:17:31')[0m
  [4;35;1mRegion Create (0.1ms)[0m   [0mINSERT INTO "regions" ("name", "updated_at", "created_at") VALUES('Barcelona', '2009-12-27 19:17:31', '2009-12-27 19:17:31')[0m
  [4;36;1mRegion Create (0.1ms)[0m   [0;1mINSERT INTO "regions" ("name", "updated_at", "created_at") VALUES('Ávila', '2009-12-27 19:17:31', '2009-12-27 19:17:31')[0m
  [4;35;1mRegion Create (0.1ms)[0m   [0mINSERT INTO "regions" ("name", "updated_at", "created_at") VALUES('Álava', '2009-12-27 19:17:31', '2009-12-27 19:17:31')[0m
  [4;36;1mRegion Create (0.1ms)[0m   [0;1mINSERT INTO "regions" ("name", "updated_at", "created_at") VALUES('Girona', '2009-12-27 19:17:31', '2009-12-27 19:17:31')[0m
  [4;35;1mRegion Create (0.1ms)[0m   [0mINSERT INTO "regions" ("name", "updated_at", "created_at") VALUES('Lleida', '2009-12-27 19:17:31', '2009-12-27 19:17:31')[0m
  [4;36;1mRegion Create (0.1ms)[0m   [0;1mINSERT INTO "regions" ("name", "updated_at", "created_at") VALUES('La Rioja', '2009-12-27 19:17:31', '2009-12-27 19:17:31')[0m
  [4;35;1mRegion Create (0.1ms)[0m   [0mINSERT INTO "regions" ("name", "updated_at", "created_at") VALUES('Madrid', '2009-12-27 19:17:31', '2009-12-27 19:17:31')[0m
  [4;36;1mRegion Create (0.1ms)[0m   [0;1mINSERT INTO "regions" ("name", "updated_at", "created_at") VALUES('Murcia', '2009-12-27 19:17:31', '2009-12-27 19:17:31')[0m
  [4;35;1mRegion Create (0.1ms)[0m   [0mINSERT INTO "regions" ("name", "updated_at", "created_at") VALUES('Navarra', '2009-12-27 19:17:31', '2009-12-27 19:17:31')[0m
  [4;36;1mRegion Create (0.1ms)[0m   [0;1mINSERT INTO "regions" ("name", "updated_at", "created_at") VALUES('Asturias', '2009-12-27 19:17:31', '2009-12-27 19:17:31')[0m
  [4;35;1mRegion Create (0.1ms)[0m   [0mINSERT INTO "regions" ("name", "updated_at", "created_at") VALUES('Islas Baleares', '2009-12-27 19:17:31', '2009-12-27 19:17:31')[0m
  [4;36;1mSQL (0.1ms)[0m   [0;1mINSERT INTO schema_migrations (version) VALUES ('20091227171645')[0m
Migrating to UserRegion (20091227184644)
  [4;35;1mSQL (1.0ms)[0m   [0mALTER TABLE "users" ADD "region_id" integer[0m
  [4;36;1mSQL (0.1ms)[0m   [0;1mINSERT INTO schema_migrations (version) VALUES ('20091227184644')[0m
  [4;35;1mSQL (0.4ms)[0m   [0m SELECT name
 FROM sqlite_master
 WHERE type = 'table' AND NOT name = 'sqlite_sequence'
[0m
  [4;36;1mSQL (0.3ms)[0m   [0;1mSELECT version FROM schema_migrations[0m
  [4;35;1mSQL (0.3ms)[0m   [0m SELECT name
 FROM sqlite_master
 WHERE type = 'table' AND NOT name = 'sqlite_sequence'
[0m
  [4;36;1mSQL (0.1ms)[0m   [0;1mPRAGMA index_list("invitations")[0m
  [4;35;1mSQL (0.0ms)[0m   [0mPRAGMA index_list("open_id_authentication_associations")[0m
  [4;36;1mSQL (0.1ms)[0m   [0;1mPRAGMA index_list("open_id_authentication_nonces")[0m
  [4;35;1mSQL (0.0ms)[0m   [0mPRAGMA index_list("orchards")[0m
  [4;36;1mSQL (0.0ms)[0m   [0;1mPRAGMA index_list("preferences")[0m
  [4;35;1mSQL (0.0ms)[0m   [0mPRAGMA index_list("regions")[0m
  [4;36;1mSQL (0.0ms)[0m   [0;1mPRAGMA index_list("roles")[0m
  [4;35;1mSQL (0.0ms)[0m   [0mPRAGMA index_list("roles_users")[0m
  [4;36;1mSQL (0.2ms)[0m   [0;1mPRAGMA index_list("users")[0m
  [4;35;1mSQL (0.1ms)[0m   [0mPRAGMA index_info('index_users_on_openid_identifier')[0m
  [4;36;1mSQL (0.1ms)[0m   [0;1mPRAGMA index_info('index_users_on_last_request_at')[0m
  [4;35;1mSQL (0.1ms)[0m   [0mPRAGMA index_info('index_users_on_persistence_token')[0m
  [4;36;1mSQL (0.1ms)[0m   [0;1mPRAGMA index_info('index_users_on_login')[0m
  [4;36;1mSQL (0.8ms)[0m   [0;1m SELECT name
 FROM sqlite_master
 WHERE type = 'table' AND NOT name = 'sqlite_sequence'
[0m
  [4;35;1mSQL (0.3ms)[0m   [0mSELECT version FROM schema_migrations[0m
  [4;36;1mSQL (0.2ms)[0m   [0;1mselect sqlite_version(*)[0m
  [4;35;1mSQL (0.2ms)[0m   [0m SELECT name
 FROM sqlite_master
 WHERE type = 'table' AND NOT name = 'sqlite_sequence'
[0m
  [4;36;1mSQL (3.0ms)[0m   [0;1mCREATE TABLE "invitations" ("id" INTEGER PRIMARY KEY AUTOINCREMENT NOT NULL, "sender_id" integer, "recipient_name" varchar(255), "recipient_email" varchar(255) NOT NULL, "token" varchar(255) NOT NULL, "sent_at" datetime, "created_at" datetime, "updated_at" datetime) [0m
  [4;35;1mSQL (0.2ms)[0m   [0m SELECT name
 FROM sqlite_master
 WHERE type = 'table' AND NOT name = 'sqlite_sequence'
[0m
  [4;36;1mSQL (1.7ms)[0m   [0;1mCREATE TABLE "open_id_authentication_associations" ("id" INTEGER PRIMARY KEY AUTOINCREMENT NOT NULL, "issued" integer, "lifetime" integer, "handle" varchar(255), "assoc_type" varchar(255), "server_url" blob, "secret" blob) [0m
  [4;35;1mSQL (0.2ms)[0m   [0m SELECT name
 FROM sqlite_master
 WHERE type = 'table' AND NOT name = 'sqlite_sequence'
[0m
  [4;36;1mSQL (3.0ms)[0m   [0;1mCREATE TABLE "open_id_authentication_nonces" ("id" INTEGER PRIMARY KEY AUTOINCREMENT NOT NULL, "timestamp" integer NOT NULL, "server_url" varchar(255), "salt" varchar(255) NOT NULL) [0m
  [4;35;1mSQL (0.2ms)[0m   [0m SELECT name
 FROM sqlite_master
 WHERE type = 'table' AND NOT name = 'sqlite_sequence'
[0m
  [4;36;1mSQL (1.8ms)[0m   [0;1mCREATE TABLE "orchards" ("id" INTEGER PRIMARY KEY AUTOINCREMENT NOT NULL, "name" varchar(255), "area" integer, "longitude" varchar(255), "latitude" varchar(255), "used" boolean, "created_at" datetime, "updated_at" datetime) [0m
  [4;35;1mSQL (0.2ms)[0m   [0m SELECT name
 FROM sqlite_master
 WHERE type = 'table' AND NOT name = 'sqlite_sequence'
[0m
  [4;36;1mSQL (1.7ms)[0m   [0;1mCREATE TABLE "preferences" ("id" INTEGER PRIMARY KEY AUTOINCREMENT NOT NULL, "user_id" integer, "language" varchar(255), "time_zone" varchar(255), "created_at" datetime, "updated_at" datetime) [0m
  [4;35;1mSQL (0.5ms)[0m   [0m SELECT name
 FROM sqlite_master
 WHERE type = 'table' AND NOT name = 'sqlite_sequence'
[0m
  [4;36;1mSQL (3.6ms)[0m   [0;1mCREATE TABLE "regions" ("id" INTEGER PRIMARY KEY AUTOINCREMENT NOT NULL, "name" varchar(255), "created_at" datetime, "updated_at" datetime) [0m
  [4;35;1mSQL (0.3ms)[0m   [0m SELECT name
 FROM sqlite_master
 WHERE type = 'table' AND NOT name = 'sqlite_sequence'
[0m
  [4;36;1mSQL (1.9ms)[0m   [0;1mCREATE TABLE "roles" ("id" INTEGER PRIMARY KEY AUTOINCREMENT NOT NULL, "name" varchar(255) NOT NULL, "title" varchar(255), "description" varchar(255), "created_at" datetime, "updated_at" datetime) [0m
  [4;35;1mSQL (0.3ms)[0m   [0m SELECT name
 FROM sqlite_master
 WHERE type = 'table' AND NOT name = 'sqlite_sequence'
[0m
  [4;36;1mSQL (2.8ms)[0m   [0;1mCREATE TABLE "roles_users" ("user_id" integer NOT NULL, "role_id" integer NOT NULL) [0m
  [4;35;1mSQL (0.3ms)[0m   [0m SELECT name
 FROM sqlite_master
 WHERE type = 'table' AND NOT name = 'sqlite_sequence'
[0m
  [4;36;1mSQL (2.4ms)[0m   [0;1mCREATE TABLE "users" ("id" INTEGER PRIMARY KEY AUTOINCREMENT NOT NULL, "name" varchar(255), "email" varchar(255) NOT NULL, "login" varchar(255), "crypted_password" varchar(255), "password_salt" varchar(255), "persistence_token" varchar(255) NOT NULL, "perishable_token" varchar(255) NOT NULL, "single_access_token" varchar(255) NOT NULL, "login_count" integer DEFAULT 0 NOT NULL, "failed_login_count" integer DEFAULT 0 NOT NULL, "last_request_at" datetime, "last_login_at" datetime, "current_login_at" datetime, "last_login_ip" varchar(255), "current_login_ip" varchar(255), "openid_identifier" varchar(255), "invitation_id" integer, "invitation_limit" integer DEFAULT 0 NOT NULL, "admin" boolean, "created_at" datetime, "updated_at" datetime, "state" varchar(255), "region_id" integer) [0m
  [4;35;1mSQL (1.8ms)[0m   [0mCREATE INDEX "index_users_on_last_request_at" ON "users" ("last_request_at")[0m
  [4;36;1mSQL (2.2ms)[0m   [0;1mCREATE INDEX "index_users_on_login" ON "users" ("login")[0m
  [4;35;1mSQL (1.7ms)[0m   [0mCREATE INDEX "index_users_on_openid_identifier" ON "users" ("openid_identifier")[0m
  [4;36;1mSQL (1.8ms)[0m   [0;1mCREATE INDEX "index_users_on_persistence_token" ON "users" ("persistence_token")[0m
  [4;35;1mSQL (0.4ms)[0m   [0m SELECT name
 FROM sqlite_master
 WHERE type = 'table' AND NOT name = 'sqlite_sequence'
[0m
  [4;36;1mSQL (2.1ms)[0m   [0;1mCREATE TABLE "schema_migrations" ("version" varchar(255) NOT NULL) [0m
  [4;35;1mSQL (2.6ms)[0m   [0mCREATE UNIQUE INDEX "unique_schema_migrations" ON "schema_migrations" ("version")[0m
  [4;36;1mSQL (0.3ms)[0m   [0;1m SELECT name
 FROM sqlite_master
 WHERE type = 'table' AND NOT name = 'sqlite_sequence'
[0m
  [4;35;1mSQL (0.1ms)[0m   [0mSELECT version FROM "schema_migrations"[0m
  [4;36;1mSQL (2.0ms)[0m   [0;1mINSERT INTO "schema_migrations" (version) VALUES ('20091227184644')[0m
  [4;35;1mSQL (2.4ms)[0m   [0mINSERT INTO "schema_migrations" (version) VALUES ('20090216144927')[0m
  [4;36;1mSQL (2.2ms)[0m   [0;1mINSERT INTO "schema_migrations" (version) VALUES ('20090216172211')[0m
  [4;35;1mSQL (2.1ms)[0m   [0mINSERT INTO "schema_migrations" (version) VALUES ('20090216175329')[0m
  [4;36;1mSQL (2.3ms)[0m   [0;1mINSERT INTO "schema_migrations" (version) VALUES ('20090714114804')[0m
  [4;35;1mSQL (1.7ms)[0m   [0mINSERT INTO "schema_migrations" (version) VALUES ('20090806032027')[0m
  [4;36;1mSQL (2.7ms)[0m   [0;1mINSERT INTO "schema_migrations" (version) VALUES ('20090819101822')[0m
  [4;35;1mSQL (2.8ms)[0m   [0mINSERT INTO "schema_migrations" (version) VALUES ('20090828070047')[0m
  [4;36;1mSQL (2.3ms)[0m   [0;1mINSERT INTO "schema_migrations" (version) VALUES ('20091226122214')[0m
  [4;35;1mSQL (2.3ms)[0m   [0mINSERT INTO "schema_migrations" (version) VALUES ('20091227171540')[0m
  [4;36;1mSQL (2.1ms)[0m   [0;1mINSERT INTO "schema_migrations" (version) VALUES ('20091227171645')[0m
